[21-Nov-2015 13:19:20 GMT] PHP Notice:  Undefined index: arguments in /var/www/html/Framework/Core/Route.php on line 201
[21-Nov-2015 13:19:20 GMT] PHP Notice:  Undefined index: keywords in /var/www/html/Framework/Web/HTML.php on line 386
[21-Nov-2015 13:19:20 GMT] PHP Notice:  Undefined index: meta in /var/www/html/Framework/Web/HTML.php on line 398
[21-Nov-2015 13:19:20 GMT] PHP Notice:  Undefined index: author in /var/www/html/Framework/Web/HTML.php on line 403
[21-Nov-2015 13:19:20 GMT] PHP Notice:  Undefined variable: bowerArr in /var/www/html/Framework/Web/HTML.php on line 457
[21-Nov-2015 13:19:20 GMT] PHP Notice:  Undefined index: autoLoad in /var/www/html/Framework/Web/HTML.php on line 412
[21-Nov-2015 23:21:13 GMT] PHP Notice:  Undefined index: arguments in /var/www/html/Framework/Core/Route.php on line 207
[21-Nov-2015 23:21:13 GMT] PHP Notice:  Undefined index: keywords in /var/www/html/Framework/Web/HTML.php on line 386
[21-Nov-2015 23:21:13 GMT] PHP Notice:  Undefined index: meta in /var/www/html/Framework/Web/HTML.php on line 398
[21-Nov-2015 23:21:13 GMT] PHP Notice:  Undefined index: author in /var/www/html/Framework/Web/HTML.php on line 403
[21-Nov-2015 23:21:13 GMT] PHP Notice:  Undefined variable: bowerArr in /var/www/html/Framework/Web/HTML.php on line 457
[21-Nov-2015 23:21:13 GMT] PHP Notice:  Undefined index: autoLoad in /var/www/html/Framework/Web/HTML.php on line 412
[21-Nov-2015 23:23:02 GMT] PHP Notice:  Undefined offset: 1 in /var/www/html/Framework/Core/Route.php on line 61
[21-Nov-2015 23:27:38 GMT] PHP Warning:  Missing argument 1 for HomeController::test() in /var/www/html/Application/controller/HomeController.php on line 19
[21-Nov-2015 23:27:38 GMT] PHP Warning:  Missing argument 2 for HomeController::test() in /var/www/html/Application/controller/HomeController.php on line 19
[21-Nov-2015 23:27:38 GMT] PHP Notice:  Undefined variable: model in /var/www/html/Application/controller/HomeController.php on line 20
[21-Nov-2015 23:29:47 GMT] PHP Warning:  Missing argument 1 for HomeController::test() in /var/www/html/Application/controller/HomeController.php on line 19
[21-Nov-2015 23:29:47 GMT] PHP Warning:  Missing argument 2 for HomeController::test() in /var/www/html/Application/controller/HomeController.php on line 19
[21-Nov-2015 23:29:47 GMT] PHP Notice:  Undefined variable: model in /var/www/html/Application/controller/HomeController.php on line 20
[21-Nov-2015 23:30:33 GMT] PHP Warning:  Missing argument 1 for HomeController::test() in /var/www/html/Application/controller/HomeController.php on line 19
[21-Nov-2015 23:30:33 GMT] PHP Warning:  Missing argument 2 for HomeController::test() in /var/www/html/Application/controller/HomeController.php on line 19
[21-Nov-2015 23:31:55 GMT] PHP Notice:  Undefined offset: 1 in /var/www/html/Framework/Core/Route.php on line 62
[21-Nov-2015 23:31:55 GMT] PHP Notice:  Undefined offset: 2 in /var/www/html/Framework/Core/Route.php on line 62
[21-Nov-2015 23:31:55 GMT] PHP Warning:  Missing argument 1 for HomeController::test() in /var/www/html/Application/controller/HomeController.php on line 19
[21-Nov-2015 23:31:55 GMT] PHP Warning:  Missing argument 2 for HomeController::test() in /var/www/html/Application/controller/HomeController.php on line 19
[21-Nov-2015 23:32:42 GMT] PHP Warning:  Missing argument 1 for HomeController::test() in /var/www/html/Application/controller/HomeController.php on line 19
[21-Nov-2015 23:32:42 GMT] PHP Warning:  Missing argument 2 for HomeController::test() in /var/www/html/Application/controller/HomeController.php on line 19
[21-Nov-2015 23:33:23 GMT] PHP Warning:  Missing argument 1 for HomeController::test() in /var/www/html/Application/controller/HomeController.php on line 19
[21-Nov-2015 23:33:23 GMT] PHP Warning:  Missing argument 2 for HomeController::test() in /var/www/html/Application/controller/HomeController.php on line 19
[21-Nov-2015 23:34:50 GMT] PHP Warning:  Missing argument 1 for HomeController::test() in /var/www/html/Application/controller/HomeController.php on line 19
[21-Nov-2015 23:34:50 GMT] PHP Warning:  Missing argument 2 for HomeController::test() in /var/www/html/Application/controller/HomeController.php on line 19
[21-Nov-2015 23:36:03 GMT] PHP Warning:  Missing argument 1 for HomeController::test() in /var/www/html/Application/controller/HomeController.php on line 19
[21-Nov-2015 23:36:03 GMT] PHP Warning:  Missing argument 2 for HomeController::test() in /var/www/html/Application/controller/HomeController.php on line 19
[21-Nov-2015 23:36:17 GMT] PHP Warning:  Missing argument 1 for HomeController::test() in /var/www/html/Application/controller/HomeController.php on line 19
[21-Nov-2015 23:36:17 GMT] PHP Warning:  Missing argument 2 for HomeController::test() in /var/www/html/Application/controller/HomeController.php on line 19
[21-Nov-2015 23:36:17 GMT] PHP Notice:  Undefined variable: model in /var/www/html/Application/controller/HomeController.php on line 22
[21-Nov-2015 23:37:24 GMT] PHP Warning:  Missing argument 1 for HomeController::test() in /var/www/html/Application/controller/HomeController.php on line 19
[21-Nov-2015 23:37:24 GMT] PHP Warning:  Missing argument 2 for HomeController::test() in /var/www/html/Application/controller/HomeController.php on line 19
[21-Nov-2015 23:37:24 GMT] PHP Notice:  Undefined variable: model in /var/www/html/Application/controller/HomeController.php on line 22
[21-Nov-2015 23:37:39 GMT] PHP Warning:  Missing argument 1 for HomeController::test() in /var/www/html/Application/controller/HomeController.php on line 19
[21-Nov-2015 23:37:39 GMT] PHP Warning:  Missing argument 2 for HomeController::test() in /var/www/html/Application/controller/HomeController.php on line 19
[21-Nov-2015 23:37:39 GMT] PHP Notice:  Undefined variable: model in /var/www/html/Application/controller/HomeController.php on line 22
[21-Nov-2015 23:41:31 GMT] PHP Warning:  preg_match_all(): Compilation failed: unmatched parentheses at offset 7 in /var/www/html/Framework/Core/Route.php on line 48
[21-Nov-2015 23:41:31 GMT] PHP Warning:  Invalid argument supplied for foreach() in /var/www/html/Framework/Core/Route.php on line 57
[21-Nov-2015 23:41:31 GMT] PHP Warning:  preg_match_all(): Compilation failed: unmatched parentheses at offset 7 in /var/www/html/Framework/Core/Route.php on line 48
[21-Nov-2015 23:41:31 GMT] PHP Warning:  Invalid argument supplied for foreach() in /var/www/html/Framework/Core/Route.php on line 57
[21-Nov-2015 23:41:31 GMT] PHP Warning:  preg_match_all(): Compilation failed: unmatched parentheses at offset 7 in /var/www/html/Framework/Core/Route.php on line 48
[21-Nov-2015 23:41:31 GMT] PHP Warning:  Invalid argument supplied for foreach() in /var/www/html/Framework/Core/Route.php on line 57
[21-Nov-2015 23:41:31 GMT] PHP Warning:  Missing argument 1 for HomeController::test() in /var/www/html/Application/controller/HomeController.php on line 19
[21-Nov-2015 23:41:31 GMT] PHP Warning:  Missing argument 2 for HomeController::test() in /var/www/html/Application/controller/HomeController.php on line 19
[21-Nov-2015 23:41:31 GMT] PHP Notice:  Undefined variable: model in /var/www/html/Application/controller/HomeController.php on line 20
[21-Nov-2015 23:41:31 GMT] PHP Notice:  Undefined variable: id in /var/www/html/Application/controller/HomeController.php on line 21
[26-Nov-2015 11:57:21 GMT] PHP Fatal error:  Class 'Framework\Jade\Jade' not found in /var/www/html/Config/Route.php on line 18
[26-Nov-2015 11:57:50 GMT] PHP Fatal error:  Class 'Framework\Jade\Compiler' not found in /var/www/html/Framework/Jade/Jade.php on line 85
